<?xml version="1.0" encoding="UTF-8"?>
<!-- Generated by org.testng.reporters.JUnitXMLReporter -->
<testsuite ignored="0" hostname="ACSIPL-58" failures="2" tests="2" name="Test-2" time="206.276" errors="0" timestamp="2023-05-05T12:47:05 IST">
  <testcase classname="io.cucumber.testng.AbstractTestNGCucumberTests" name="runScenario" time="121.557">
    <failure type="org.openqa.selenium.NoSuchElementException" message="Cannot find element(s) with xpath
For documentation on this error, please visit: http://seleniumhq.org/exceptions/no_such_element.html
Build info: version: &amp;apos;2.43.1&amp;apos;, revision: &amp;apos;5163bce&amp;apos;, time: &amp;apos;2014-09-10 16:27:33&amp;apos;
System info: host: &amp;apos;mac-193-186-253-138.browserstack.com&amp;apos;, ip: &amp;apos;193.186.253.138&amp;apos;, os.name: &amp;apos;Mac OS X&amp;apos;, os.arch: &amp;apos;x86_64&amp;apos;, os.version: &amp;apos;10.14.6&amp;apos;, java.version: &amp;apos;1.8.0_181&amp;apos;
Driver info: driver.version: EventFiringWebDriver (WARNING: The server did not provide any stacktrace information)
Command duration or timeout: 0 milliseconds
For documentation on this error, please visit: https://selenium.dev/exceptions/#no_such_element
Build info: version: &amp;apos;4.8.3&amp;apos;, revision: &amp;apos;e5e76298c3&amp;apos;
System info: os.name: &amp;apos;Windows 10&amp;apos;, os.arch: &amp;apos;amd64&amp;apos;, os.version: &amp;apos;10.0&amp;apos;, java.version: &amp;apos;11.0.2-redhat&amp;apos;
Driver info: org.openqa.selenium.remote.RemoteWebDriver
Command: [6d4a0776f78a9a898734ab8179d9b3466cb25b13, findElement {using=xpath, value=//input[@type = &amp;apos;search&amp;apos;]}]
Capabilities {64bit: false, acceptSslCert: false, acceptSslCerts: false, browser: opera, browserName: opera, browser_name: Opera, browser_version: 12.15, browserstack.appium_version: , browserstack.hostName: ACSIPL-58, browserstack.is_hub_canary: false, bstack:options: {browser: Opera, browserName: Opera, browserVersion: 12.15, browserstackSDK: cucumber-testng-javaagent/1..., hostName: ACSIPL-58, os: OS X, osVersion: Mojave}, capabilities: {64bit: false, acceptSslCert: false, acceptSslCerts: false, browser: opera, browserName: opera, browser_name: Opera, browser_version: 12.15, browserstack.appium_version: , browserstack.hostName: ACSIPL-58, browserstack.is_hub_canary: false, bstack:options: {browser: Opera, browserName: Opera, browserVersion: 12.15, browserstackSDK: cucumber-testng-javaagent/1..., hostName: ACSIPL-58, os: OS X, osVersion: Mojave}, cssSelectorsEnabled: true, detected_language: selenium/4.8.3 (java windows), javascriptEnabled: true, new_bucketing: true, opera.arguments: {debugproxy: 127.0.0.1:20523, pd: /var/folders/yj/h3bj394n2tn...}, opera.autostart: true, opera.backend: software, opera.binary: /Applications/opera 12.15.a..., opera.detach: false, opera.host: 127.0.0.1, opera.idle: false, opera.launcher: /Users/test1/.launcher/laun..., opera.logging.level: INFO, opera.no_quit: false, opera.no_restart: false, opera.port: 20523, opera.product: Opera Desktop, opera.runner: com.opera.core.systems.runn..., orig_os: macmo, os: OS X, osVersion: Mojave, os_version: Mojave, platform: MAC, sessionId: 6d4a0776f78a9a898734ab8179d..., takesScreenshot: true, version: 12.15, webdriver.remote.sessionid: 6d4a0776f78a9a898734ab8179d...}, cssSelectorsEnabled: true, detected_language: selenium/4.8.3 (java windows), javascriptEnabled: true, new_bucketing: true, opera.arguments: {debugproxy: 127.0.0.1:20523, pd: /var/folders/yj/h3bj394n2tn...}, opera.autostart: true, opera.backend: software, opera.binary: /Applications/opera 12.15.a..., opera.detach: false, opera.host: 127.0.0.1, opera.idle: false, opera.launcher: /Users/test1/.launcher/laun..., opera.logging.level: INFO, opera.no_quit: false, opera.no_restart: false, opera.port: 20523, opera.product: Opera Desktop, opera.runner: com.opera.core.systems.runn..., orig_os: macmo, os: OS X, osVersion: Mojave, os_version: Mojave, platform: MAC, platformName: ANY, sessionId: 6d4a0776f78a9a898734ab8179d..., takesScreenshot: true, version: 12.15, webdriver.remote.sessionid: 6d4a0776f78a9a898734ab8179d...}
Session ID: 6d4a0776f78a9a898734ab8179d9b3466cb25b13">
      <![CDATA[org.openqa.selenium.NoSuchElementException: Cannot find element(s) with xpath
For documentation on this error, please visit: http://seleniumhq.org/exceptions/no_such_element.html
Build info: version: '2.43.1', revision: '5163bce', time: '2014-09-10 16:27:33'
System info: host: 'mac-193-186-253-138.browserstack.com', ip: '193.186.253.138', os.name: 'Mac OS X', os.arch: 'x86_64', os.version: '10.14.6', java.version: '1.8.0_181'
Driver info: driver.version: EventFiringWebDriver (WARNING: The server did not provide any stacktrace information)
Command duration or timeout: 0 milliseconds
For documentation on this error, please visit: https://selenium.dev/exceptions/#no_such_element
Build info: version: '4.8.3', revision: 'e5e76298c3'
System info: os.name: 'Windows 10', os.arch: 'amd64', os.version: '10.0', java.version: '11.0.2-redhat'
Driver info: org.openqa.selenium.remote.RemoteWebDriver
Command: [6d4a0776f78a9a898734ab8179d9b3466cb25b13, findElement {using=xpath, value=//input[@type = 'search']}]
Capabilities {64bit: false, acceptSslCert: false, acceptSslCerts: false, browser: opera, browserName: opera, browser_name: Opera, browser_version: 12.15, browserstack.appium_version: , browserstack.hostName: ACSIPL-58, browserstack.is_hub_canary: false, bstack:options: {browser: Opera, browserName: Opera, browserVersion: 12.15, browserstackSDK: cucumber-testng-javaagent/1..., hostName: ACSIPL-58, os: OS X, osVersion: Mojave}, capabilities: {64bit: false, acceptSslCert: false, acceptSslCerts: false, browser: opera, browserName: opera, browser_name: Opera, browser_version: 12.15, browserstack.appium_version: , browserstack.hostName: ACSIPL-58, browserstack.is_hub_canary: false, bstack:options: {browser: Opera, browserName: Opera, browserVersion: 12.15, browserstackSDK: cucumber-testng-javaagent/1..., hostName: ACSIPL-58, os: OS X, osVersion: Mojave}, cssSelectorsEnabled: true, detected_language: selenium/4.8.3 (java windows), javascriptEnabled: true, new_bucketing: true, opera.arguments: {debugproxy: 127.0.0.1:20523, pd: /var/folders/yj/h3bj394n2tn...}, opera.autostart: true, opera.backend: software, opera.binary: /Applications/opera 12.15.a..., opera.detach: false, opera.host: 127.0.0.1, opera.idle: false, opera.launcher: /Users/test1/.launcher/laun..., opera.logging.level: INFO, opera.no_quit: false, opera.no_restart: false, opera.port: 20523, opera.product: Opera Desktop, opera.runner: com.opera.core.systems.runn..., orig_os: macmo, os: OS X, osVersion: Mojave, os_version: Mojave, platform: MAC, sessionId: 6d4a0776f78a9a898734ab8179d..., takesScreenshot: true, version: 12.15, webdriver.remote.sessionid: 6d4a0776f78a9a898734ab8179d...}, cssSelectorsEnabled: true, detected_language: selenium/4.8.3 (java windows), javascriptEnabled: true, new_bucketing: true, opera.arguments: {debugproxy: 127.0.0.1:20523, pd: /var/folders/yj/h3bj394n2tn...}, opera.autostart: true, opera.backend: software, opera.binary: /Applications/opera 12.15.a..., opera.detach: false, opera.host: 127.0.0.1, opera.idle: false, opera.launcher: /Users/test1/.launcher/laun..., opera.logging.level: INFO, opera.no_quit: false, opera.no_restart: false, opera.port: 20523, opera.product: Opera Desktop, opera.runner: com.opera.core.systems.runn..., orig_os: macmo, os: OS X, osVersion: Mojave, os_version: Mojave, platform: MAC, platformName: ANY, sessionId: 6d4a0776f78a9a898734ab8179d..., takesScreenshot: true, version: 12.15, webdriver.remote.sessionid: 6d4a0776f78a9a898734ab8179d...}
Session ID: 6d4a0776f78a9a898734ab8179d9b3466cb25b13
at org.openqa.selenium.remote.ErrorHandler.createThrowable(ErrorHandler.java:217)
at org.openqa.selenium.remote.ErrorHandler.throwIfResponseFailed(ErrorHandler.java:169)
at org.openqa.selenium.remote.codec.jwp.JsonHttpResponseCodec.reconstructValue(JsonHttpResponseCodec.java:41)
at org.openqa.selenium.remote.codec.AbstractHttpResponseCodec.decode(AbstractHttpResponseCodec.java:83)
at org.openqa.selenium.remote.codec.AbstractHttpResponseCodec.decode(AbstractHttpResponseCodec.java:47)
at org.openqa.selenium.remote.HttpCommandExecutor.execute(HttpCommandExecutor.java:193)
at org.openqa.selenium.remote.RemoteWebDriver.execute(RemoteWebDriver.java:543)
at org.openqa.selenium.remote.ElementLocation$ElementFinder$2.findElement(ElementLocation.java:162)
at org.openqa.selenium.remote.ElementLocation.findElement(ElementLocation.java:60)
at org.openqa.selenium.remote.RemoteWebDriver.findElement(RemoteWebDriver.java:352)
at org.openqa.selenium.remote.RemoteWebDriver.findElement(RemoteWebDriver.java:344)
at pageObjects.GreenkartHomePage.searchProduct(GreenkartHomePage.java:27)
at stepDefinitions.GreenkartHomePageStepDefinitions.user_search_with_shortname_in_homepage_and_extracted_actual_name_of_the_product(GreenkartHomePageStepDefinitions.java:43)
at ✽.User search with shortname "tom" in Homepage and extracted actual name of the product(file:///C:/Users/SwamiNaiduSeepana/Desktop/Workspace/CucumberPractice/src/test/java/features/GreenkartCheckOut.feature:6)
... Removed 4 stack frames]]>
    </failure>
  </testcase> <!-- runScenario -->
  <testcase classname="io.cucumber.testng.AbstractTestNGCucumberTests" name="runScenario" time="83.633">
    <failure type="org.openqa.selenium.NoSuchElementException" message="Cannot find element(s) with xpath
For documentation on this error, please visit: http://seleniumhq.org/exceptions/no_such_element.html
Build info: version: &amp;apos;2.43.1&amp;apos;, revision: &amp;apos;5163bce&amp;apos;, time: &amp;apos;2014-09-10 16:27:33&amp;apos;
System info: host: &amp;apos;mac-193-186-253-99.browserstack.com&amp;apos;, ip: &amp;apos;193.186.253.99&amp;apos;, os.name: &amp;apos;Mac OS X&amp;apos;, os.arch: &amp;apos;x86_64&amp;apos;, os.version: &amp;apos;10.14.6&amp;apos;, java.version: &amp;apos;1.8.0_181&amp;apos;
Driver info: driver.version: EventFiringWebDriver (WARNING: The server did not provide any stacktrace information)
Command duration or timeout: 0 milliseconds
For documentation on this error, please visit: https://selenium.dev/exceptions/#no_such_element
Build info: version: &amp;apos;4.8.3&amp;apos;, revision: &amp;apos;e5e76298c3&amp;apos;
System info: os.name: &amp;apos;Windows 10&amp;apos;, os.arch: &amp;apos;amd64&amp;apos;, os.version: &amp;apos;10.0&amp;apos;, java.version: &amp;apos;11.0.2-redhat&amp;apos;
Driver info: org.openqa.selenium.remote.RemoteWebDriver
Command: [1c6f3f62c7e77efb74408f06c74ad192c634b6ca, findElement {using=xpath, value=//input[@type = &amp;apos;search&amp;apos;]}]
Capabilities {64bit: false, acceptSslCert: false, acceptSslCerts: false, browser: opera, browserName: opera, browser_name: Opera, browser_version: 12.15, browserstack.appium_version: , browserstack.hostName: ACSIPL-58, browserstack.is_hub_canary: false, bstack:options: {browser: Opera, browserName: Opera, browserVersion: 12.15, browserstackSDK: cucumber-testng-javaagent/1..., hostName: ACSIPL-58, os: OS X, osVersion: Mojave}, capabilities: {64bit: false, acceptSslCert: false, acceptSslCerts: false, browser: opera, browserName: opera, browser_name: Opera, browser_version: 12.15, browserstack.appium_version: , browserstack.hostName: ACSIPL-58, browserstack.is_hub_canary: false, bstack:options: {browser: Opera, browserName: Opera, browserVersion: 12.15, browserstackSDK: cucumber-testng-javaagent/1..., hostName: ACSIPL-58, os: OS X, osVersion: Mojave}, cssSelectorsEnabled: true, detected_language: selenium/4.8.3 (java windows), javascriptEnabled: true, new_bucketing: true, opera.arguments: {debugproxy: 127.0.0.1:40455, pd: /var/folders/yj/h3bj394n2tn...}, opera.autostart: true, opera.backend: software, opera.binary: /Applications/opera 12.15.a..., opera.detach: false, opera.host: 127.0.0.1, opera.idle: false, opera.launcher: /Users/test1/.launcher/laun..., opera.logging.level: INFO, opera.no_quit: false, opera.no_restart: false, opera.port: 40455, opera.product: Opera Desktop, opera.runner: com.opera.core.systems.runn..., orig_os: macmo, os: OS X, osVersion: Mojave, os_version: Mojave, platform: MAC, sessionId: 1c6f3f62c7e77efb74408f06c74..., takesScreenshot: true, version: 12.15, webdriver.remote.sessionid: 1c6f3f62c7e77efb74408f06c74...}, cssSelectorsEnabled: true, detected_language: selenium/4.8.3 (java windows), javascriptEnabled: true, new_bucketing: true, opera.arguments: {debugproxy: 127.0.0.1:40455, pd: /var/folders/yj/h3bj394n2tn...}, opera.autostart: true, opera.backend: software, opera.binary: /Applications/opera 12.15.a..., opera.detach: false, opera.host: 127.0.0.1, opera.idle: false, opera.launcher: /Users/test1/.launcher/laun..., opera.logging.level: INFO, opera.no_quit: false, opera.no_restart: false, opera.port: 40455, opera.product: Opera Desktop, opera.runner: com.opera.core.systems.runn..., orig_os: macmo, os: OS X, osVersion: Mojave, os_version: Mojave, platform: MAC, platformName: ANY, sessionId: 1c6f3f62c7e77efb74408f06c74..., takesScreenshot: true, version: 12.15, webdriver.remote.sessionid: 1c6f3f62c7e77efb74408f06c74...}
Session ID: 1c6f3f62c7e77efb74408f06c74ad192c634b6ca">
      <![CDATA[org.openqa.selenium.NoSuchElementException: Cannot find element(s) with xpath
For documentation on this error, please visit: http://seleniumhq.org/exceptions/no_such_element.html
Build info: version: '2.43.1', revision: '5163bce', time: '2014-09-10 16:27:33'
System info: host: 'mac-193-186-253-99.browserstack.com', ip: '193.186.253.99', os.name: 'Mac OS X', os.arch: 'x86_64', os.version: '10.14.6', java.version: '1.8.0_181'
Driver info: driver.version: EventFiringWebDriver (WARNING: The server did not provide any stacktrace information)
Command duration or timeout: 0 milliseconds
For documentation on this error, please visit: https://selenium.dev/exceptions/#no_such_element
Build info: version: '4.8.3', revision: 'e5e76298c3'
System info: os.name: 'Windows 10', os.arch: 'amd64', os.version: '10.0', java.version: '11.0.2-redhat'
Driver info: org.openqa.selenium.remote.RemoteWebDriver
Command: [1c6f3f62c7e77efb74408f06c74ad192c634b6ca, findElement {using=xpath, value=//input[@type = 'search']}]
Capabilities {64bit: false, acceptSslCert: false, acceptSslCerts: false, browser: opera, browserName: opera, browser_name: Opera, browser_version: 12.15, browserstack.appium_version: , browserstack.hostName: ACSIPL-58, browserstack.is_hub_canary: false, bstack:options: {browser: Opera, browserName: Opera, browserVersion: 12.15, browserstackSDK: cucumber-testng-javaagent/1..., hostName: ACSIPL-58, os: OS X, osVersion: Mojave}, capabilities: {64bit: false, acceptSslCert: false, acceptSslCerts: false, browser: opera, browserName: opera, browser_name: Opera, browser_version: 12.15, browserstack.appium_version: , browserstack.hostName: ACSIPL-58, browserstack.is_hub_canary: false, bstack:options: {browser: Opera, browserName: Opera, browserVersion: 12.15, browserstackSDK: cucumber-testng-javaagent/1..., hostName: ACSIPL-58, os: OS X, osVersion: Mojave}, cssSelectorsEnabled: true, detected_language: selenium/4.8.3 (java windows), javascriptEnabled: true, new_bucketing: true, opera.arguments: {debugproxy: 127.0.0.1:40455, pd: /var/folders/yj/h3bj394n2tn...}, opera.autostart: true, opera.backend: software, opera.binary: /Applications/opera 12.15.a..., opera.detach: false, opera.host: 127.0.0.1, opera.idle: false, opera.launcher: /Users/test1/.launcher/laun..., opera.logging.level: INFO, opera.no_quit: false, opera.no_restart: false, opera.port: 40455, opera.product: Opera Desktop, opera.runner: com.opera.core.systems.runn..., orig_os: macmo, os: OS X, osVersion: Mojave, os_version: Mojave, platform: MAC, sessionId: 1c6f3f62c7e77efb74408f06c74..., takesScreenshot: true, version: 12.15, webdriver.remote.sessionid: 1c6f3f62c7e77efb74408f06c74...}, cssSelectorsEnabled: true, detected_language: selenium/4.8.3 (java windows), javascriptEnabled: true, new_bucketing: true, opera.arguments: {debugproxy: 127.0.0.1:40455, pd: /var/folders/yj/h3bj394n2tn...}, opera.autostart: true, opera.backend: software, opera.binary: /Applications/opera 12.15.a..., opera.detach: false, opera.host: 127.0.0.1, opera.idle: false, opera.launcher: /Users/test1/.launcher/laun..., opera.logging.level: INFO, opera.no_quit: false, opera.no_restart: false, opera.port: 40455, opera.product: Opera Desktop, opera.runner: com.opera.core.systems.runn..., orig_os: macmo, os: OS X, osVersion: Mojave, os_version: Mojave, platform: MAC, platformName: ANY, sessionId: 1c6f3f62c7e77efb74408f06c74..., takesScreenshot: true, version: 12.15, webdriver.remote.sessionid: 1c6f3f62c7e77efb74408f06c74...}
Session ID: 1c6f3f62c7e77efb74408f06c74ad192c634b6ca
at org.openqa.selenium.remote.ErrorHandler.createThrowable(ErrorHandler.java:217)
at org.openqa.selenium.remote.ErrorHandler.throwIfResponseFailed(ErrorHandler.java:169)
at org.openqa.selenium.remote.codec.jwp.JsonHttpResponseCodec.reconstructValue(JsonHttpResponseCodec.java:41)
at org.openqa.selenium.remote.codec.AbstractHttpResponseCodec.decode(AbstractHttpResponseCodec.java:83)
at org.openqa.selenium.remote.codec.AbstractHttpResponseCodec.decode(AbstractHttpResponseCodec.java:47)
at org.openqa.selenium.remote.HttpCommandExecutor.execute(HttpCommandExecutor.java:193)
at org.openqa.selenium.remote.RemoteWebDriver.execute(RemoteWebDriver.java:543)
at org.openqa.selenium.remote.ElementLocation$ElementFinder$2.findElement(ElementLocation.java:162)
at org.openqa.selenium.remote.ElementLocation.findElement(ElementLocation.java:60)
at org.openqa.selenium.remote.RemoteWebDriver.findElement(RemoteWebDriver.java:352)
at org.openqa.selenium.remote.RemoteWebDriver.findElement(RemoteWebDriver.java:344)
at pageObjects.GreenkartHomePage.searchProduct(GreenkartHomePage.java:27)
at stepDefinitions.GreenkartHomePageStepDefinitions.user_search_with_shortname_in_homepage_and_extracted_actual_name_of_the_product(GreenkartHomePageStepDefinitions.java:43)
at ✽.User search with shortname "cap" in Homepage and extracted actual name of the product(file:///C:/Users/SwamiNaiduSeepana/Desktop/Workspace/CucumberPractice/src/test/java/features/GreenkartCheckOut.feature:6)
... Removed 4 stack frames]]>
    </failure>
  </testcase> <!-- runScenario -->
</testsuite> <!-- Test-2 -->
