<?xml version="1.0" encoding="UTF-8"?>
<testng-results ignored="0" total="4" passed="4" failed="0" skipped="0">
  <reporter-output>
  </reporter-output>
  <suite started-at="2023-12-26T12:23:37 IST" name="Suite" finished-at="2023-12-26T12:24:39 IST" duration-ms="61986">
    <groups>
      <group name="cucumber">
        <method signature="AbstractTestNGCucumberTests.runScenario(io.cucumber.testng.PickleWrapper,io.cucumber.testng.FeatureWrapper)[pri:0, instance:testRunner.GreenkartTestRunner@6b04acb2]" name="runScenario" class="io.cucumber.testng.AbstractTestNGCucumberTests"/>
        <method signature="AbstractTestNGCucumberTests.runScenario(io.cucumber.testng.PickleWrapper,io.cucumber.testng.FeatureWrapper)[pri:0, instance:testRunner.GreenkartTestRunner@4d6f623d]" name="runScenario" class="io.cucumber.testng.AbstractTestNGCucumberTests"/>
      </group> <!-- cucumber -->
    </groups>
    <test started-at="2023-12-26T12:23:37 IST" name="Test-0" finished-at="2023-12-26T12:24:32 IST" duration-ms="54542">
      <class name="testRunner.GreenkartTestRunner">
        <test-method is-config="true" signature="setUpClass(org.testng.ITestContext)[pri:0, instance:testRunner.GreenkartTestRunner@6b04acb2]" started-at="2023-12-26T12:23:37 IST" name="setUpClass" finished-at="2023-12-26T12:23:38 IST" duration-ms="1000" status="PASS">
          <params>
            <param index="0">
              <value>
                <![CDATA[org.testng.TestRunner@1bfe3203]]>
              </value>
            </param>
          </params>
          <reporter-output>
          </reporter-output>
        </test-method> <!-- setUpClass -->
        <test-method signature="runScenario(io.cucumber.testng.PickleWrapper,io.cucumber.testng.FeatureWrapper)[pri:0, instance:testRunner.GreenkartTestRunner@6b04acb2]" started-at="2023-12-26T12:23:38 IST" name="runScenario" description="Runs Cucumber Scenarios" data-provider="scenarios" finished-at="2023-12-26T12:24:07 IST" duration-ms="28623" status="PASS">
          <params>
            <param index="0">
              <value>
                <![CDATA["Search a product and verify ability to place order"]]>
              </value>
            </param>
            <param index="1">
              <value>
                <![CDATA["Place the order for products"]]>
              </value>
            </param>
          </params>
          <reporter-output>
          </reporter-output>
        </test-method> <!-- runScenario -->
        <test-method signature="runScenario(io.cucumber.testng.PickleWrapper,io.cucumber.testng.FeatureWrapper)[pri:0, instance:testRunner.GreenkartTestRunner@6b04acb2]" started-at="2023-12-26T12:24:07 IST" name="runScenario" description="Runs Cucumber Scenarios" data-provider="scenarios" finished-at="2023-12-26T12:24:32 IST" duration-ms="24466" status="PASS">
          <params>
            <param index="0">
              <value>
                <![CDATA["Search a product and verify ability to place order"]]>
              </value>
            </param>
            <param index="1">
              <value>
                <![CDATA["Place the order for products"]]>
              </value>
            </param>
          </params>
          <reporter-output>
          </reporter-output>
        </test-method> <!-- runScenario -->
        <test-method is-config="true" signature="tearDownClass()[pri:0, instance:testRunner.GreenkartTestRunner@6b04acb2]" started-at="2023-12-26T12:24:32 IST" name="tearDownClass" finished-at="2023-12-26T12:24:32 IST" duration-ms="401" status="PASS">
          <reporter-output>
          </reporter-output>
        </test-method> <!-- tearDownClass -->
      </class> <!-- testRunner.GreenkartTestRunner -->
    </test> <!-- Test-0 -->
    <test started-at="2023-12-26T12:23:37 IST" name="Test-1" finished-at="2023-12-26T12:24:39 IST" duration-ms="61986">
      <class name="testRunner.GreenkartTestRunner">
        <test-method is-config="true" signature="setUpClass(org.testng.ITestContext)[pri:0, instance:testRunner.GreenkartTestRunner@4d6f623d]" started-at="2023-12-26T12:23:37 IST" name="setUpClass" finished-at="2023-12-26T12:23:38 IST" duration-ms="1001" status="PASS">
          <params>
            <param index="0">
              <value>
                <![CDATA[org.testng.TestRunner@2b214b94]]>
              </value>
            </param>
          </params>
          <reporter-output>
          </reporter-output>
        </test-method> <!-- setUpClass -->
        <test-method signature="runScenario(io.cucumber.testng.PickleWrapper,io.cucumber.testng.FeatureWrapper)[pri:0, instance:testRunner.GreenkartTestRunner@4d6f623d]" started-at="2023-12-26T12:23:38 IST" name="runScenario" description="Runs Cucumber Scenarios" data-provider="scenarios" finished-at="2023-12-26T12:24:03 IST" duration-ms="24535" status="PASS">
          <params>
            <param index="0">
              <value>
                <![CDATA["Search a product and verify ability to place order"]]>
              </value>
            </param>
            <param index="1">
              <value>
                <![CDATA["Place the order for products"]]>
              </value>
            </param>
          </params>
          <reporter-output>
          </reporter-output>
        </test-method> <!-- runScenario -->
        <test-method signature="runScenario(io.cucumber.testng.PickleWrapper,io.cucumber.testng.FeatureWrapper)[pri:0, instance:testRunner.GreenkartTestRunner@4d6f623d]" started-at="2023-12-26T12:24:03 IST" name="runScenario" description="Runs Cucumber Scenarios" data-provider="scenarios" finished-at="2023-12-26T12:24:39 IST" duration-ms="36291" status="PASS">
          <params>
            <param index="0">
              <value>
                <![CDATA["Search a product and verify ability to place order"]]>
              </value>
            </param>
            <param index="1">
              <value>
                <![CDATA["Place the order for products"]]>
              </value>
            </param>
          </params>
          <reporter-output>
          </reporter-output>
        </test-method> <!-- runScenario -->
        <test-method is-config="true" signature="tearDownClass()[pri:0, instance:testRunner.GreenkartTestRunner@4d6f623d]" started-at="2023-12-26T12:24:39 IST" name="tearDownClass" finished-at="2023-12-26T12:24:39 IST" duration-ms="96" status="PASS">
          <reporter-output>
          </reporter-output>
        </test-method> <!-- tearDownClass -->
      </class> <!-- testRunner.GreenkartTestRunner -->
    </test> <!-- Test-1 -->
  </suite> <!-- Suite -->
</testng-results>
