<?xml version="1.0" encoding="UTF-8"?>
<testsuite xmlns:xsi="http://www.w3.org/2001/XMLSchema-instance" xsi:noNamespaceSchemaLocation="https://maven.apache.org/surefire/maven-surefire-plugin/xsd/surefire-test-report-3.0.xsd" version="3.0" name="TestSuite" time="2,482.212" tests="4" errors="0" skipped="0" failures="0">
  <properties>
[...]
</properties>
  <testcase name="runScenario[&quot;Search a product and verify ability to place order&quot;, &quot;Place the order for products&quot;](1)" classname="testRunner.GreenkartTestRunner" time="24.579">
    <system-out><![CDATA[WARNING: sun.reflect.Reflection.getCallerClass is not supported. This will impact performance.
false
Homepage Actual Name - "Tomato"
false
false
false
false
Checkout page Product name - "Tomato - 1 Kg"
false
false
Homepage Actual Name - "Tomato"
false
false
false
Checkout page Product name - "Tomato - 1 Kg"
false
false
]]></system-out>
    <system-err><![CDATA[Dec 26, 2023 12:23:39 PM org.openqa.selenium.remote.tracing.opentelemetry.OpenTelemetryTracer createTracer
INFO: Using OpenTelemetry for tracing
]]></system-err>
  </testcase>
  <testcase name="runScenario[&quot;Search a product and verify ability to place order&quot;, &quot;Place the order for products&quot;](1)" classname="testRunner.GreenkartTestRunner" time="4.043"/>
  <testcase name="runScenario[&quot;Search a product and verify ability to place order&quot;, &quot;Place the order for products&quot;](2)" classname="testRunner.GreenkartTestRunner" time="2,452.14">
    <system-out><![CDATA[false
false
Homepage Actual Name - "Capsicum"
false
false
Homepage Actual Name - "Capsicum"
false
false
false
false
Checkout page Product name - "Capsicum"
false
Checkout page Product name - "Capsicum"
false
false
false
]]></system-out>
  </testcase>
  <testcase name="runScenario[&quot;Search a product and verify ability to place order&quot;, &quot;Place the order for products&quot;](2)" classname="testRunner.GreenkartTestRunner" time="2,452.141">
    <system-err><![CDATA[┌───────────────────────────────────────────────────────────────────────────────────┐
│ Share your Cucumber Report with your team at https://reports.cucumber.io          │
│ Activate publishing with one of the following:                                    │
│                                                                                   │
│ src/test/resources/cucumber.properties:          cucumber.publish.enabled=true    │
│ src/test/resources/junit-platform.properties:    cucumber.publish.enabled=true    │
│ Environment variable:                            CUCUMBER_PUBLISH_ENABLED=true    │
│ JUnit:                                           @CucumberOptions(publish = true) │
│                                                                                   │
│ More information at https://cucumber.io/docs/cucumber/environment-variables/      │
│                                                                                   │
│ Disable this message with one of the following:                                   │
│                                                                                   │
│ src/test/resources/cucumber.properties:          cucumber.publish.quiet=true      │
│ src/test/resources/junit-platform.properties:    cucumber.publish.quiet=true      │
└───────────────────────────────────────────────────────────────────────────────────┘
]]></system-err>
  </testcase>
</testsuite>