[{"line":1,"elements":[{"start_timestamp":"2023-05-05T07:13:40.200Z","line":14,"name":"Search a product and verify ability to place order","description":"","id":"place-the-order-for-products;search-a-product-and-verify-ability-to-place-order;;2","after":[{"result":{"duration":30710533200,"status":"passed"},"match":{"location":"stepDefinitions.Hooks.afterScenario()"}}],"type":"scenario","keyword":"Scenario Outline","steps":[{"result":{"duration":71393704300,"status":"passed"},"line":5,"name":"User is on Greenkart landing page","match":{"location":"stepDefinitions.GreenkartHomePageStepDefinitions.user_is_on_greenkart_landing_page()"},"after":[{"result":{"duration":817835200,"status":"passed"},"match":{"location":"stepDefinitions.Hooks.addScreenshot(io.cucumber.java.Scenario)"}}],"keyword":"Given "},{"result":{"error_message":"org.openqa.selenium.NoSuchElementException: Cannot find element(s) with xpath\nFor documentation on this error, please visit: http://seleniumhq.org/exceptions/no_such_element.html\nBuild info: version: '2.43.1', revision: '5163bce', time: '2014-09-10 16:27:33'\nSystem info: host: 'mac-193-186-253-138.browserstack.com', ip: '193.186.253.138', os.name: 'Mac OS X', os.arch: 'x86_64', os.version: '10.14.6', java.version: '1.8.0_181'\nDriver info: driver.version: EventFiringWebDriver (WARNING: The server did not provide any stacktrace information)\nCommand duration or timeout: 0 milliseconds\nFor documentation on this error, please visit: https://selenium.dev/exceptions/#no_such_element\nBuild info: version: '4.8.3', revision: 'e5e76298c3'\nSystem info: os.name: 'Windows 10', os.arch: 'amd64', os.version: '10.0', java.version: '11.0.2-redhat'\nDriver info: org.openqa.selenium.remote.RemoteWebDriver\nCommand: [6d4a0776f78a9a898734ab8179d9b3466cb25b13, findElement {using=xpath, value=//input[@type = 'search']}]\nCapabilities {64bit: false, acceptSslCert: false, acceptSslCerts: false, browser: opera, browserName: opera, browser_name: Opera, browser_version: 12.15, browserstack.appium_version: , browserstack.hostName: ACSIPL-58, browserstack.is_hub_canary: false, bstack:options: {browser: Opera, browserName: Opera, browserVersion: 12.15, browserstackSDK: cucumber-testng-javaagent/1..., hostName: ACSIPL-58, os: OS X, osVersion: Mojave}, capabilities: {64bit: false, acceptSslCert: false, acceptSslCerts: false, browser: opera, browserName: opera, browser_name: Opera, browser_version: 12.15, browserstack.appium_version: , browserstack.hostName: ACSIPL-58, browserstack.is_hub_canary: false, bstack:options: {browser: Opera, browserName: Opera, browserVersion: 12.15, browserstackSDK: cucumber-testng-javaagent/1..., hostName: ACSIPL-58, os: OS X, osVersion: Mojave}, cssSelectorsEnabled: true, detected_language: selenium/4.8.3 (java windows), javascriptEnabled: true, new_bucketing: true, opera.arguments: {debugproxy: 127.0.0.1:20523, pd: /var/folders/yj/h3bj394n2tn...}, opera.autostart: true, opera.backend: software, opera.binary: /Applications/opera 12.15.a..., opera.detach: false, opera.host: 127.0.0.1, opera.idle: false, opera.launcher: /Users/test1/.launcher/laun..., opera.logging.level: INFO, opera.no_quit: false, opera.no_restart: false, opera.port: 20523, opera.product: Opera Desktop, opera.runner: com.opera.core.systems.runn..., orig_os: macmo, os: OS X, osVersion: Mojave, os_version: Mojave, platform: MAC, sessionId: 6d4a0776f78a9a898734ab8179d..., takesScreenshot: true, version: 12.15, webdriver.remote.sessionid: 6d4a0776f78a9a898734ab8179d...}, cssSelectorsEnabled: true, detected_language: selenium/4.8.3 (java windows), javascriptEnabled: true, new_bucketing: true, opera.arguments: {debugproxy: 127.0.0.1:20523, pd: /var/folders/yj/h3bj394n2tn...}, opera.autostart: true, opera.backend: software, opera.binary: /Applications/opera 12.15.a..., opera.detach: false, opera.host: 127.0.0.1, opera.idle: false, opera.launcher: /Users/test1/.launcher/laun..., opera.logging.level: INFO, opera.no_quit: false, opera.no_restart: false, opera.port: 20523, opera.product: Opera Desktop, opera.runner: com.opera.core.systems.runn..., orig_os: macmo, os: OS X, osVersion: Mojave, os_version: Mojave, platform: MAC, platformName: ANY, sessionId: 6d4a0776f78a9a898734ab8179d..., takesScreenshot: true, version: 12.15, webdriver.remote.sessionid: 6d4a0776f78a9a898734ab8179d...}\nSession ID: 6d4a0776f78a9a898734ab8179d9b3466cb25b13\r\n\tat java.base/jdk.internal.reflect.NativeConstructorAccessorImpl.newInstance0(Native Method)\r\n\tat java.base/jdk.internal.reflect.NativeConstructorAccessorImpl.newInstance(NativeConstructorAccessorImpl.java:62)\r\n\tat java.base/jdk.internal.reflect.DelegatingConstructorAccessorImpl.newInstance(DelegatingConstructorAccessorImpl.java:45)\r\n\tat java.base/java.lang.reflect.Constructor.newInstance(Constructor.java:490)\r\n\tat org.openqa.selenium.remote.ErrorHandler.createThrowable(ErrorHandler.java:217)\r\n\tat org.openqa.selenium.remote.ErrorHandler.throwIfResponseFailed(ErrorHandler.java:169)\r\n\tat org.openqa.selenium.remote.codec.jwp.JsonHttpResponseCodec.reconstructValue(JsonHttpResponseCodec.java:41)\r\n\tat org.openqa.selenium.remote.codec.AbstractHttpResponseCodec.decode(AbstractHttpResponseCodec.java:83)\r\n\tat org.openqa.selenium.remote.codec.AbstractHttpResponseCodec.decode(AbstractHttpResponseCodec.java:47)\r\n\tat org.openqa.selenium.remote.HttpCommandExecutor.execute(HttpCommandExecutor.java:193)\r\n\tat org.openqa.selenium.remote.RemoteWebDriver.execute(RemoteWebDriver.java:543)\r\n\tat org.openqa.selenium.remote.ElementLocation$ElementFinder$2.findElement(ElementLocation.java:162)\r\n\tat org.openqa.selenium.remote.ElementLocation.findElement(ElementLocation.java:60)\r\n\tat org.openqa.selenium.remote.RemoteWebDriver.findElement(RemoteWebDriver.java:352)\r\n\tat org.openqa.selenium.remote.RemoteWebDriver.findElement(RemoteWebDriver.java:344)\r\n\tat pageObjects.GreenkartHomePage.searchProduct(GreenkartHomePage.java:27)\r\n\tat stepDefinitions.GreenkartHomePageStepDefinitions.user_search_with_shortname_in_homepage_and_extracted_actual_name_of_the_product(GreenkartHomePageStepDefinitions.java:43)\r\n\tat ✽.User search with shortname \"tom\" in Homepage and extracted actual name of the product(file:///C:/Users/SwamiNaiduSeepana/Desktop/Workspace/CucumberPractice/src/test/java/features/GreenkartCheckOut.feature:6)\r\n","duration":171508800,"status":"failed"},"line":6,"name":"User search with shortname \"tom\" in Homepage and extracted actual name of the product","match":{"arguments":[{"val":"\"tom\"","offset":27}],"location":"stepDefinitions.GreenkartHomePageStepDefinitions.user_search_with_shortname_in_homepage_and_extracted_actual_name_of_the_product(java.lang.String)"},"after":[{"result":{"error_message":"java.lang.IllegalArgumentException: Illegal base64 character a\r\n\tat java.base/java.util.Base64$Decoder.decode0(Base64.java:743)\r\n\tat java.base/java.util.Base64$Decoder.decode(Base64.java:535)\r\n\tat java.base/java.util.Base64$Decoder.decode(Base64.java:558)\r\n\tat org.openqa.selenium.OutputType$2.convertFromBase64Png(OutputType.java:58)\r\n\tat org.openqa.selenium.OutputType$2.convertFromBase64Png(OutputType.java:55)\r\n\tat org.openqa.selenium.OutputType$3.convertFromBase64Png(OutputType.java:78)\r\n\tat org.openqa.selenium.OutputType$3.convertFromBase64Png(OutputType.java:75)\r\n\tat org.openqa.selenium.remote.RemoteWebDriver.getScreenshotAs(RemoteWebDriver.java:322)\r\n\tat stepDefinitions.Hooks.addScreenshot(Hooks.java:38)\r\n","duration":17083523100,"status":"failed"},"match":{"location":"stepDefinitions.Hooks.addScreenshot(io.cucumber.java.Scenario)"}}],"keyword":"When "},{"result":{"duration":1022701800,"status":"skipped"},"line":7,"name":"Increase to \"3\" items of selected product","match":{"arguments":[{"val":"\"3\"","offset":12}],"location":"stepDefinitions.GreenkartHomePageStepDefinitions.increase_to_items_of_selected_product(java.lang.String)"},"after":[{"result":{"status":"skipped"},"match":{"location":"stepDefinitions.Hooks.addScreenshot(io.cucumber.java.Scenario)"}}],"keyword":"And "},{"result":{"duration":995400,"status":"skipped"},"line":8,"name":"Add to cart","match":{"location":"stepDefinitions.GreenkartHomePageStepDefinitions.add_to_cart()"},"after":[{"result":{"status":"skipped"},"match":{"location":"stepDefinitions.Hooks.addScreenshot(io.cucumber.java.Scenario)"}}],"keyword":"And "},{"result":{"status":"skipped"},"line":9,"name":"User proceeds to checkout page and validate the items in checkout page","match":{"location":"stepDefinitions.GreenkartCheckoutPageStepDefinitions.user_proceeds_to_checkout_page_and_validate_the_items_in_checkout_page()"},"after":[{"result":{"status":"skipped"},"match":{"location":"stepDefinitions.Hooks.addScreenshot(io.cucumber.java.Scenario)"}}],"keyword":"Then "},{"result":{"duration":998000,"status":"skipped"},"line":10,"name":"Verify the ability of user to enter the promocode and place the order","match":{"location":"stepDefinitions.GreenkartCheckoutPageStepDefinitions.verify_the_ability_of_user_to_enter_the_promocode_and_place_the_order()"},"after":[{"result":{"status":"skipped"},"match":{"location":"stepDefinitions.Hooks.addScreenshot(io.cucumber.java.Scenario)"}}],"keyword":"And "}],"tags":[{"name":"@PlaceOrder"}]},{"start_timestamp":"2023-05-05T07:15:41.624Z","line":15,"name":"Search a product and verify ability to place order","description":"","id":"place-the-order-for-products;search-a-product-and-verify-ability-to-place-order;;3","after":[{"result":{"duration":8661464900,"status":"passed"},"match":{"location":"stepDefinitions.Hooks.afterScenario()"}}],"type":"scenario","keyword":"Scenario Outline","steps":[{"result":{"duration":10796675400,"status":"passed"},"line":5,"name":"User is on Greenkart landing page","match":{"location":"stepDefinitions.GreenkartHomePageStepDefinitions.user_is_on_greenkart_landing_page()"},"after":[{"result":{"duration":1780930500,"status":"passed"},"match":{"location":"stepDefinitions.Hooks.addScreenshot(io.cucumber.java.Scenario)"}}],"keyword":"Given "},{"result":{"error_message":"org.openqa.selenium.NoSuchElementException: Cannot find element(s) with xpath\nFor documentation on this error, please visit: http://seleniumhq.org/exceptions/no_such_element.html\nBuild info: version: '2.43.1', revision: '5163bce', time: '2014-09-10 16:27:33'\nSystem info: host: 'mac-193-186-253-99.browserstack.com', ip: '193.186.253.99', os.name: 'Mac OS X', os.arch: 'x86_64', os.version: '10.14.6', java.version: '1.8.0_181'\nDriver info: driver.version: EventFiringWebDriver (WARNING: The server did not provide any stacktrace information)\nCommand duration or timeout: 0 milliseconds\nFor documentation on this error, please visit: https://selenium.dev/exceptions/#no_such_element\nBuild info: version: '4.8.3', revision: 'e5e76298c3'\nSystem info: os.name: 'Windows 10', os.arch: 'amd64', os.version: '10.0', java.version: '11.0.2-redhat'\nDriver info: org.openqa.selenium.remote.RemoteWebDriver\nCommand: [1c6f3f62c7e77efb74408f06c74ad192c634b6ca, findElement {using=xpath, value=//input[@type = 'search']}]\nCapabilities {64bit: false, acceptSslCert: false, acceptSslCerts: false, browser: opera, browserName: opera, browser_name: Opera, browser_version: 12.15, browserstack.appium_version: , browserstack.hostName: ACSIPL-58, browserstack.is_hub_canary: false, bstack:options: {browser: Opera, browserName: Opera, browserVersion: 12.15, browserstackSDK: cucumber-testng-javaagent/1..., hostName: ACSIPL-58, os: OS X, osVersion: Mojave}, capabilities: {64bit: false, acceptSslCert: false, acceptSslCerts: false, browser: opera, browserName: opera, browser_name: Opera, browser_version: 12.15, browserstack.appium_version: , browserstack.hostName: ACSIPL-58, browserstack.is_hub_canary: false, bstack:options: {browser: Opera, browserName: Opera, browserVersion: 12.15, browserstackSDK: cucumber-testng-javaagent/1..., hostName: ACSIPL-58, os: OS X, osVersion: Mojave}, cssSelectorsEnabled: true, detected_language: selenium/4.8.3 (java windows), javascriptEnabled: true, new_bucketing: true, opera.arguments: {debugproxy: 127.0.0.1:40455, pd: /var/folders/yj/h3bj394n2tn...}, opera.autostart: true, opera.backend: software, opera.binary: /Applications/opera 12.15.a..., opera.detach: false, opera.host: 127.0.0.1, opera.idle: false, opera.launcher: /Users/test1/.launcher/laun..., opera.logging.level: INFO, opera.no_quit: false, opera.no_restart: false, opera.port: 40455, opera.product: Opera Desktop, opera.runner: com.opera.core.systems.runn..., orig_os: macmo, os: OS X, osVersion: Mojave, os_version: Mojave, platform: MAC, sessionId: 1c6f3f62c7e77efb74408f06c74..., takesScreenshot: true, version: 12.15, webdriver.remote.sessionid: 1c6f3f62c7e77efb74408f06c74...}, cssSelectorsEnabled: true, detected_language: selenium/4.8.3 (java windows), javascriptEnabled: true, new_bucketing: true, opera.arguments: {debugproxy: 127.0.0.1:40455, pd: /var/folders/yj/h3bj394n2tn...}, opera.autostart: true, opera.backend: software, opera.binary: /Applications/opera 12.15.a..., opera.detach: false, opera.host: 127.0.0.1, opera.idle: false, opera.launcher: /Users/test1/.launcher/laun..., opera.logging.level: INFO, opera.no_quit: false, opera.no_restart: false, opera.port: 40455, opera.product: Opera Desktop, opera.runner: com.opera.core.systems.runn..., orig_os: macmo, os: OS X, osVersion: Mojave, os_version: Mojave, platform: MAC, platformName: ANY, sessionId: 1c6f3f62c7e77efb74408f06c74..., takesScreenshot: true, version: 12.15, webdriver.remote.sessionid: 1c6f3f62c7e77efb74408f06c74...}\nSession ID: 1c6f3f62c7e77efb74408f06c74ad192c634b6ca\r\n\tat java.base/jdk.internal.reflect.NativeConstructorAccessorImpl.newInstance0(Native Method)\r\n\tat java.base/jdk.internal.reflect.NativeConstructorAccessorImpl.newInstance(NativeConstructorAccessorImpl.java:62)\r\n\tat java.base/jdk.internal.reflect.DelegatingConstructorAccessorImpl.newInstance(DelegatingConstructorAccessorImpl.java:45)\r\n\tat java.base/java.lang.reflect.Constructor.newInstance(Constructor.java:490)\r\n\tat org.openqa.selenium.remote.ErrorHandler.createThrowable(ErrorHandler.java:217)\r\n\tat org.openqa.selenium.remote.ErrorHandler.throwIfResponseFailed(ErrorHandler.java:169)\r\n\tat org.openqa.selenium.remote.codec.jwp.JsonHttpResponseCodec.reconstructValue(JsonHttpResponseCodec.java:41)\r\n\tat org.openqa.selenium.remote.codec.AbstractHttpResponseCodec.decode(AbstractHttpResponseCodec.java:83)\r\n\tat org.openqa.selenium.remote.codec.AbstractHttpResponseCodec.decode(AbstractHttpResponseCodec.java:47)\r\n\tat org.openqa.selenium.remote.HttpCommandExecutor.execute(HttpCommandExecutor.java:193)\r\n\tat org.openqa.selenium.remote.RemoteWebDriver.execute(RemoteWebDriver.java:543)\r\n\tat org.openqa.selenium.remote.ElementLocation$ElementFinder$2.findElement(ElementLocation.java:162)\r\n\tat org.openqa.selenium.remote.ElementLocation.findElement(ElementLocation.java:60)\r\n\tat org.openqa.selenium.remote.RemoteWebDriver.findElement(RemoteWebDriver.java:352)\r\n\tat org.openqa.selenium.remote.RemoteWebDriver.findElement(RemoteWebDriver.java:344)\r\n\tat pageObjects.GreenkartHomePage.searchProduct(GreenkartHomePage.java:27)\r\n\tat stepDefinitions.GreenkartHomePageStepDefinitions.user_search_with_shortname_in_homepage_and_extracted_actual_name_of_the_product(GreenkartHomePageStepDefinitions.java:43)\r\n\tat ✽.User search with shortname \"cap\" in Homepage and extracted actual name of the product(file:///C:/Users/SwamiNaiduSeepana/Desktop/Workspace/CucumberPractice/src/test/java/features/GreenkartCheckOut.feature:6)\r\n","duration":151594300,"status":"failed"},"line":6,"name":"User search with shortname \"cap\" in Homepage and extracted actual name of the product","match":{"arguments":[{"val":"\"cap\"","offset":27}],"location":"stepDefinitions.GreenkartHomePageStepDefinitions.user_search_with_shortname_in_homepage_and_extracted_actual_name_of_the_product(java.lang.String)"},"after":[{"result":{"error_message":"java.lang.IllegalArgumentException: Illegal base64 character a\r\n\tat java.base/java.util.Base64$Decoder.decode0(Base64.java:743)\r\n\tat java.base/java.util.Base64$Decoder.decode(Base64.java:535)\r\n\tat java.base/java.util.Base64$Decoder.decode(Base64.java:558)\r\n\tat org.openqa.selenium.OutputType$2.convertFromBase64Png(OutputType.java:58)\r\n\tat org.openqa.selenium.OutputType$2.convertFromBase64Png(OutputType.java:55)\r\n\tat org.openqa.selenium.OutputType$3.convertFromBase64Png(OutputType.java:78)\r\n\tat org.openqa.selenium.OutputType$3.convertFromBase64Png(OutputType.java:75)\r\n\tat org.openqa.selenium.remote.RemoteWebDriver.getScreenshotAs(RemoteWebDriver.java:322)\r\n\tat stepDefinitions.Hooks.addScreenshot(Hooks.java:38)\r\n","duration":59663632500,"status":"failed"},"match":{"location":"stepDefinitions.Hooks.addScreenshot(io.cucumber.java.Scenario)"}}],"keyword":"When "},{"result":{"duration":2493837500,"status":"skipped"},"line":7,"name":"Increase to \"2\" items of selected product","match":{"arguments":[{"val":"\"2\"","offset":12}],"location":"stepDefinitions.GreenkartHomePageStepDefinitions.increase_to_items_of_selected_product(java.lang.String)"},"after":[{"result":{"status":"skipped"},"match":{"location":"stepDefinitions.Hooks.addScreenshot(io.cucumber.java.Scenario)"}}],"keyword":"And "},{"result":{"status":"skipped"},"line":8,"name":"Add to cart","match":{"location":"stepDefinitions.GreenkartHomePageStepDefinitions.add_to_cart()"},"after":[{"result":{"duration":997600,"status":"skipped"},"match":{"location":"stepDefinitions.Hooks.addScreenshot(io.cucumber.java.Scenario)"}}],"keyword":"And "},{"result":{"status":"skipped"},"line":9,"name":"User proceeds to checkout page and validate the items in checkout page","match":{"location":"stepDefinitions.GreenkartCheckoutPageStepDefinitions.user_proceeds_to_checkout_page_and_validate_the_items_in_checkout_page()"},"after":[{"result":{"status":"skipped"},"match":{"location":"stepDefinitions.Hooks.addScreenshot(io.cucumber.java.Scenario)"}}],"keyword":"Then "},{"result":{"status":"skipped"},"line":10,"name":"Verify the ability of user to enter the promocode and place the order","match":{"location":"stepDefinitions.GreenkartCheckoutPageStepDefinitions.verify_the_ability_of_user_to_enter_the_promocode_and_place_the_order()"},"after":[{"result":{"duration":997900,"status":"skipped"},"match":{"location":"stepDefinitions.Hooks.addScreenshot(io.cucumber.java.Scenario)"}}],"keyword":"And "}],"tags":[{"name":"@PlaceOrder"}]}],"name":"Place the order for products","description":"","id":"place-the-order-for-products","keyword":"Feature","uri":"file:src/test/java/features/GreenkartCheckOut.feature","tags":[]}]