<?xml version="1.0" encoding="UTF-8"?>
<testng-results ignored="0" total="2" passed="2" failed="0" skipped="0">
  <reporter-output>
  </reporter-output>
  <suite started-at="2023-06-28T15:57:17 IST" name="Suite" finished-at="2023-06-28T15:57:37 IST" duration-ms="20003">
    <groups>
      <group name="cucumber">
        <method signature="AbstractTestNGCucumberTests.runScenario(io.cucumber.testng.PickleWrapper,io.cucumber.testng.FeatureWrapper)[pri:0, instance:testRunner.GreenkartTestRunner@1817f1eb]" name="runScenario" class="io.cucumber.testng.AbstractTestNGCucumberTests"/>
      </group> <!-- cucumber -->
    </groups>
    <test started-at="2023-06-28T15:57:17 IST" name="Test" finished-at="2023-06-28T15:57:37 IST" duration-ms="20003">
      <class name="testRunner.GreenkartTestRunner">
        <test-method is-config="true" signature="setUpClass(org.testng.ITestContext)[pri:0, instance:testRunner.GreenkartTestRunner@1817f1eb]" started-at="2023-06-28T15:57:17 IST" name="setUpClass" finished-at="2023-06-28T15:57:17 IST" duration-ms="763" status="PASS">
          <params>
            <param index="0">
              <value>
                <![CDATA[org.testng.TestRunner@42cfd794]]>
              </value>
            </param>
          </params>
          <reporter-output>
          </reporter-output>
        </test-method> <!-- setUpClass -->
        <test-method signature="runScenario(io.cucumber.testng.PickleWrapper,io.cucumber.testng.FeatureWrapper)[pri:0, instance:testRunner.GreenkartTestRunner@1817f1eb]" started-at="2023-06-28T15:57:17 IST" name="runScenario" description="Runs Cucumber Scenarios" data-provider="scenarios" finished-at="2023-06-28T15:57:28 IST" duration-ms="11065" status="PASS">
          <params>
            <param index="0">
              <value>
                <![CDATA["Search a product and verify ability to place order"]]>
              </value>
            </param>
            <param index="1">
              <value>
                <![CDATA["Place the order for products"]]>
              </value>
            </param>
          </params>
          <reporter-output>
          </reporter-output>
        </test-method> <!-- runScenario -->
        <test-method signature="runScenario(io.cucumber.testng.PickleWrapper,io.cucumber.testng.FeatureWrapper)[pri:0, instance:testRunner.GreenkartTestRunner@1817f1eb]" started-at="2023-06-28T15:57:28 IST" name="runScenario" description="Runs Cucumber Scenarios" data-provider="scenarios" finished-at="2023-06-28T15:57:36 IST" duration-ms="7709" status="PASS">
          <params>
            <param index="0">
              <value>
                <![CDATA["Search a product and verify ability to place order"]]>
              </value>
            </param>
            <param index="1">
              <value>
                <![CDATA["Place the order for products"]]>
              </value>
            </param>
          </params>
          <reporter-output>
          </reporter-output>
        </test-method> <!-- runScenario -->
        <test-method is-config="true" signature="tearDownClass()[pri:0, instance:testRunner.GreenkartTestRunner@1817f1eb]" started-at="2023-06-28T15:57:36 IST" name="tearDownClass" finished-at="2023-06-28T15:57:37 IST" duration-ms="391" status="PASS">
          <reporter-output>
          </reporter-output>
        </test-method> <!-- tearDownClass -->
      </class> <!-- testRunner.GreenkartTestRunner -->
    </test> <!-- Test -->
  </suite> <!-- Suite -->
</testng-results>
